<?xml version="1.0" encoding="UTF-8" ?>
<testsuite errors="0" failures="0" hostname="MARIN-PC" name="hr.fer.zemris.java.hw_13.voting.BandTest" skipped="0" tests="2" time="0.088" timestamp="2015-06-12T19:13:53">
  <properties>
    <property name="java.vendor" value="Oracle Corporation" />
    <property name="lib.dir" value="C:\Users\Marin\workspace\HW13-0036477535\web\aplikacija2\WEB-INF\lib" />
    <property name="sun.java.launcher" value="SUN_STANDARD" />
    <property name="sun.management.compiler" value="HotSpot 64-Bit Tiered Compilers" />
    <property name="dist" value="C:\Users\Marin\workspace\HW13-0036477535\dist" />
    <property name="os.name" value="Windows 8.1" />
    <property name="sun.boot.class.path" value="C:\Program Files\Java\jdk1.8.0_20\jre\lib\resources.jar;C:\Program Files\Java\jdk1.8.0_20\jre\lib\rt.jar;C:\Program Files\Java\jdk1.8.0_20\jre\lib\sunrsasign.jar;C:\Program Files\Java\jdk1.8.0_20\jre\lib\jsse.jar;C:\Program Files\Java\jdk1.8.0_20\jre\lib\jce.jar;C:\Program Files\Java\jdk1.8.0_20\jre\lib\charsets.jar;C:\Program Files\Java\jdk1.8.0_20\jre\lib\jfr.jar;C:\Program Files\Java\jdk1.8.0_20\jre\classes" />
    <property name="TODAY" value="June 12 2015" />
    <property name="user.country.format" value="HR" />
    <property name="sun.desktop" value="windows" />
    <property name="java.vm.specification.vendor" value="Oracle Corporation" />
    <property name="ant.home" value="D:\usr\apache-ant-1.9.4" />
    <property name="java.runtime.version" value="1.8.0_20-b26" />
    <property name="weblib" value="C:\Users\Marin\workspace\HW13-0036477535\weblib" />
    <property name="user.name" value="Marin" />
    <property name="user.language.format" value="hr" />
    <property name="src.java" value="C:\Users\Marin\workspace\HW13-0036477535\src\main\java" />
    <property name="user.language" value="en" />
    <property name="build" value="C:\Users\Marin\workspace\HW13-0036477535\build" />
    <property name="sun.boot.library.path" value="C:\Program Files\Java\jdk1.8.0_20\jre\bin" />
    <property name="ant.project.default-target" value="init" />
    <property name="ant.project.name" value="HW13-0036477535" />
    <property name="DSTAMP" value="20150612" />
    <property name="java.version" value="1.8.0_20" />
    <property name="user.timezone" value="Europe/Belgrade" />
    <property name="sun.arch.data.model" value="64" />
    <property name="java.endorsed.dirs" value="C:\Program Files\Java\jdk1.8.0_20\jre\lib\endorsed" />
    <property name="sun.cpu.isalist" value="amd64" />
    <property name="sun.jnu.encoding" value="Cp1252" />
    <property name="file.encoding.pkg" value="sun.io" />
    <property name="file.separator" value="\" />
    <property name="java.specification.name" value="Java Platform API Specification" />
    <property name="jacoco.home" value="d:/usr/jacoco-0.7.4" />
    <property name="java.class.version" value="52.0" />
    <property name="src" value="C:\Users\Marin\workspace\HW13-0036477535\src" />
    <property name="user.country" value="US" />
    <property name="java.home" value="C:\Program Files\Java\jdk1.8.0_20\jre" />
    <property name="java.vm.info" value="mixed mode" />
    <property name="ant.file" value="C:\Users\Marin\workspace\HW13-0036477535\build.xml" />
    <property name="os.version" value="6.3" />
    <property name="path.separator" value=";" />
    <property name="java.vm.version" value="25.20-b23" />
    <property name="user.variant" value="" />
    <property name="web.dir" value="C:\Users\Marin\workspace\HW13-0036477535\web\aplikacija2\WEB-INF" />
    <property name="ant.library.dir" value="D:\usr\apache-ant-1.9.4\lib" />
    <property name="app.dir" value="C:\Users\Marin\workspace\HW13-0036477535\web\aplikacija2" />
    <property name="java.awt.printerjob" value="sun.awt.windows.WPrinterJob" />
    <property name="sun.io.unicode.encoding" value="UnicodeLittle" />
    <property name="awt.toolkit" value="sun.awt.windows.WToolkit" />
    <property name="_jacoco.agentFile" value="C:\Users\Marin\AppData\Local\Temp\jacocoagent7849763373405840788.jar" />
    <property name="sun.stdout.encoding" value="cp437" />
    <property name="xalan.home" value="d:/usr/xalan-j_2_7_1" />
    <property name="user.script" value="" />
    <property name="user.home" value="C:\Users\Marin" />
    <property name="java.specification.vendor" value="Oracle Corporation" />
    <property name="ant.file.HW13-0036477535" value="C:\Users\Marin\workspace\HW13-0036477535\build.xml" />
    <property name="java.library.path" value="C:\Program Files\Java\jdk1.8.0_20\jre\bin;C:\WINDOWS\Sun\Java\bin;C:\WINDOWS\system32;C:\WINDOWS;C:\ProgramData\Oracle\Java\javapath;C:\Program Files (x86)\NVIDIA Corporation\PhysX\Common;C:\Program Files (x86)\Intel\iCLS Client\;C:\Program Files\Intel\iCLS Client\;C:\WINDOWS\system32;C:\WINDOWS;C:\WINDOWS\System32\Wbem;C:\WINDOWS\System32\WindowsPowerShell\v1.0\;C:\Program Files (x86)\Intel\OpenCL SDK\2.0\bin\x86;C:\Program Files (x86)\Intel\OpenCL SDK\2.0\bin\x64;C:\Program Files\Intel\Intel(R) Management Engine Components\DAL;C:\Program Files\Intel\Intel(R) Management Engine Components\IPT;C:\Program Files (x86)\Intel\Intel(R) Management Engine Components\DAL;C:\Program Files (x86)\Intel\Intel(R) Management Engine Components\IPT;C:\Program Files\Lenovo\Bluetooth Software\;C:\Program Files\Lenovo\Bluetooth Software\syswow64\;C:\MinGW\bin;C:\Program Files\Java\jdk1.8.0_20\bin;C:\Program Files\Java\jdk1.8.0_20\jre\bin;C:\Program Files (x86)\Windows Live\Shared;D:\usr\apache-ant-1.9.4\bin;D:\usr\apache-maven-3.3.1\bin;." />
    <property name="java.vendor.url" value="http://java.oracle.com/" />
    <property name="java.vm.vendor" value="Oracle Corporation" />
    <property name="java.runtime.name" value="Java(TM) SE Runtime Environment" />
    <property name="sun.java.command" value="org.apache.tools.ant.taskdefs.optional.junit.JUnitTestRunner hr.fer.zemris.java.hw_13.voting.BandTest skipNonTests=false filtertrace=true haltOnError=false haltOnFailure=true formatter=org.apache.tools.ant.taskdefs.optional.junit.SummaryJUnitResultFormatter showoutput=false outputtoformatters=true logfailedtests=true threadid=0 logtestlistenerevents=false formatter=org.apache.tools.ant.taskdefs.optional.junit.PlainJUnitResultFormatter,C:\Users\Marin\workspace\HW13-0036477535\dist\test-reports\xml\TEST-hr.fer.zemris.java.hw_13.voting.BandTest.txt formatter=org.apache.tools.ant.taskdefs.optional.junit.XMLJUnitResultFormatter,C:\Users\Marin\workspace\HW13-0036477535\dist\test-reports\xml\TEST-hr.fer.zemris.java.hw_13.voting.BandTest.xml crashfile=C:\Users\Marin\workspace\HW13-0036477535\junitvmwatcher7892713436287082013.properties propsfile=C:\Users\Marin\workspace\HW13-0036477535\junit6875125152888190665.properties" />
    <property name="java.class.path" value="C:\Users\Marin\workspace\HW13-0036477535\web\aplikacija2\WEB-INF\classes;C:\Users\Marin\workspace\HW13-0036477535\weblib\jsp-api.jar;C:\Users\Marin\workspace\HW13-0036477535\weblib\servlet-api.jar;C:\Users\Marin\workspace\HW13-0036477535\web\aplikacija2\WEB-INF\lib\javax.servlet.jsp.jstl-1.2.1.jar;C:\Users\Marin\workspace\HW13-0036477535\web\aplikacija2\WEB-INF\lib\javax.servlet.jsp.jstl-api-1.2.1.jar;C:\Users\Marin\workspace\HW13-0036477535\web\aplikacija2\WEB-INF\lib\jcommon-1.0.23.jar;C:\Users\Marin\workspace\HW13-0036477535\web\aplikacija2\WEB-INF\lib\jfreechart-1.0.19.jar;C:\Users\Marin\workspace\HW13-0036477535\web\aplikacija2\WEB-INF\lib\poi-3.12-20150511.jar;C:\Users\Marin\workspace\HW13-0036477535\build\test;d:\usr\junit-4.12\hamcrest-core-1.3.jar;d:\usr\junit-4.12\junit-4.12.jar;D:\usr\apache-ant-1.9.4\lib\ant-launcher.jar;D:\usr\apache-ant-1.9.4\lib\ant.jar;D:\usr\apache-ant-1.9.4\lib\ant-junit.jar;D:\usr\apache-ant-1.9.4\lib\ant-junit4.jar;C:\Users\Marin\AppData\Local\Temp\jacocoagent7849763373405840788.jar" />
    <property name="ant.version" value="Apache Ant(TM) version 1.9.4 compiled on April 29 2014" />
    <property name="TSTAMP" value="2113" />
    <property name="java.vm.specification.name" value="Java Virtual Machine Specification" />
    <property name="ant.file.type" value="file" />
    <property name="java.vm.specification.version" value="1.8" />
    <property name="build.classes" value="C:\Users\Marin\workspace\HW13-0036477535\web\aplikacija2\WEB-INF\classes" />
    <property name="sun.cpu.endian" value="little" />
    <property name="sun.os.patch.level" value="" />
    <property name="src.test" value="C:\Users\Marin\workspace\HW13-0036477535\src\test\java" />
    <property name="java.io.tmpdir" value="C:\Users\Marin\AppData\Local\Temp\" />
    <property name="pmd.home" value="d:/usr/pmd-bin-5.2.3" />
    <property name="java.vendor.url.bug" value="http://bugreport.sun.com/bugreport/" />
    <property name="os.arch" value="amd64" />
    <property name="java.awt.graphicsenv" value="sun.awt.Win32GraphicsEnvironment" />
    <property name="java.ext.dirs" value="C:\Program Files\Java\jdk1.8.0_20\jre\lib\ext;C:\WINDOWS\Sun\Java\lib\ext" />
    <property name="user.dir" value="C:\Users\Marin\workspace\HW13-0036477535" />
    <property name="line.separator" value="&#xd;&#xa;" />
    <property name="java.vm.name" value="Java HotSpot(TM) 64-Bit Server VM" />
    <property name="tomcat.home" value="d:/usr/apache-tomcat-8.0.23" />
    <property name="basedir" value="C:\Users\Marin\workspace\HW13-0036477535" />
    <property name="junit.home" value="d:/usr/junit-4.12" />
    <property name="ant.java.version" value="1.8" />
    <property name="ant.core.lib" value="D:\usr\apache-ant-1.9.4\lib\ant.jar" />
    <property name="file.encoding" value="Cp1252" />
    <property name="sun.stderr.encoding" value="cp437" />
    <property name="ant.file.type.HW13-0036477535" value="file" />
    <property name="build.test" value="C:\Users\Marin\workspace\HW13-0036477535\build\test" />
    <property name="java.specification.version" value="1.8" />
    <property name="ant.project.invoked-targets" value="run-tests" />
  </properties>
  <testcase classname="hr.fer.zemris.java.hw_13.voting.BandTest" name="Constructor_1_test" time="0.008" />
  <testcase classname="hr.fer.zemris.java.hw_13.voting.BandTest" name="Constructor_2_test" time="0.0" />
  <system-out><![CDATA[]]></system-out>
  <system-err><![CDATA[]]></system-err>
</testsuite>
